<?xml version="1.0" encoding="UTF-8"?>
<testng-results ignored="0" total="1" passed="1" failed="0" skipped="0">
  <reporter-output>
  </reporter-output>
  <suite started-at="2022-11-04T20:14:32 IST" name="Default suite" finished-at="2022-11-04T20:15:06 IST" duration-ms="33903">
    <groups>
    </groups>
    <test started-at="2022-11-04T20:14:32 IST" name="Default test" finished-at="2022-11-04T20:15:06 IST" duration-ms="33903">
      <class name="Test.KhanAcademyLoginTest">
        <test-method is-config="true" signature="openBrowser()[pri:0, instance:Test.KhanAcademyLoginTest@55634720]" started-at="2022-11-04T20:14:32 IST" name="openBrowser" finished-at="2022-11-04T20:15:04 IST" duration-ms="31852" status="PASS">
          <reporter-output>
          </reporter-output>
        </test-method> <!-- openBrowser -->
        <test-method signature="khanAcademyLoginTest()[pri:0, instance:Test.KhanAcademyLoginTest@55634720]" started-at="2022-11-04T20:15:04 IST" name="khanAcademyLoginTest" finished-at="2022-11-04T20:15:06 IST" duration-ms="1966" status="PASS">
          <reporter-output>
          </reporter-output>
        </test-method> <!-- khanAcademyLoginTest -->
      </class> <!-- Test.KhanAcademyLoginTest -->
    </test> <!-- Default test -->
  </suite> <!-- Default suite -->
</testng-results>
